Change Component Designator: Old Designator=C11 New Designator=C6
Change Component Designator: Old Designator=C13 New Designator=C7
Change Component Designator: Old Designator=C14 New Designator=C8
Change Component Designator: Old Designator=C15 New Designator=C9
Change Component Designator: Old Designator=C16 New Designator=C10
Change Component Designator: Old Designator=C17 New Designator=C11
Change Component Designator: Old Designator=C18 New Designator=C12
Change Component Designator: Old Designator=C19 New Designator=C13
Change Component Designator: Old Designator=C20 New Designator=C14
Change Component Designator: Old Designator=C21 New Designator=C15
Change Component Designator: Old Designator=C22 New Designator=C16
Change Component Designator: Old Designator=C23 New Designator=C17
Change Component Designator: Old Designator=C24 New Designator=C18
Change Component Designator: Old Designator=C25 New Designator=C19
Change Component Designator: Old Designator=C26 New Designator=C20
Change Component Designator: Old Designator=D3 New Designator=D1
Change Component Designator: Old Designator=J1 New Designator=J2
Change Component Designator: Old Designator=J2 New Designator=J1
Change Component Designator: Old Designator=J4 New Designator=J3
Change Component Designator: Old Designator=J5 New Designator=J4
Change Component Designator: Old Designator=R4 New Designator=R7
Change Component Designator: Old Designator=R7 New Designator=R9
Change Component Designator: Old Designator=R9 New Designator=R10
Change Component Designator: Old Designator=R15 New Designator=R12
Change Component Designator: Old Designator=R16 New Designator=R13
Change Component Designator: Old Designator=R18 New Designator=R14
Change Component Designator: Old Designator=R19 New Designator=R15
Change Component Designator: Old Designator=R20 New Designator=R16
Change Component Designator: Old Designator=R21 New Designator=R17
Change Component Designator: Old Designator=R22 New Designator=R18
Change Component Designator: Old Designator=R23 New Designator=R19
Change Component Designator: Old Designator=R24 New Designator=R20
Change Component Designator: Old Designator=R25 New Designator=R21
Change Component Designator: Old Designator=R26 New Designator=R22
Change Component Designator: Old Designator=R27 New Designator=R23
Change Component Designator: Old Designator=R28 New Designator=R24
Change Component Designator: Old Designator=R29 New Designator=R25
Change Component Designator: Old Designator=R? New Designator=R4
Change Component Designator: Old Designator=U4 New Designator=U3
Change Component Designator: Old Designator=U6 New Designator=U4
Change Component Designator: Old Designator=U7 New Designator=U5
Change Component Designator: Old Designator=U8 New Designator=U6
Change Component Designator: Old Designator=U9 New Designator=U7
