Change Component Designator: Old Designator=D2 New Designator=D5
Change Component Designator: Old Designator=D2 New Designator=D9
Change Component Designator: Old Designator=D3 New Designator=D6
Change Component Designator: Old Designator=D3 New Designator=D8
Change Component Designator: Old Designator=D3 New Designator=D10
Change Component Designator: Old Designator=D4 New Designator=D7
Change Component Designator: Old Designator=D4 New Designator=D14
Change Component Designator: Old Designator=D5 New Designator=D12
Change Component Designator: Old Designator=D5 New Designator=D13
Change Component Designator: Old Designator=D5 New Designator=D15
Change Component Designator: Old Designator=D6 New Designator=D11
Change Component Designator: Old Designator=D? New Designator=D3
Change Component Designator: Old Designator=G_LED2 New Designator=G_LED3
Change Component Designator: Old Designator=G_LED2 New Designator=G_LED6
Change Component Designator: Old Designator=G_LED3 New Designator=G_LED4
Change Component Designator: Old Designator=G_LED3 New Designator=G_LED5
Change Component Designator: Old Designator=G_LED3 New Designator=G_LED9
Change Component Designator: Old Designator=G_LED4 New Designator=G_LED7
Change Component Designator: Old Designator=G_LED4 New Designator=G_LED10
Change Component Designator: Old Designator=G_LED5 New Designator=G_LED8
Change Component Designator: Old Designator=G_LED5 New Designator=G_LED13
Change Component Designator: Old Designator=G_LED6 New Designator=G_LED11
Change Component Designator: Old Designator=G_LED6 New Designator=G_LED14
Change Component Designator: Old Designator=G_LED7 New Designator=G_LED12
Change Component Designator: Old Designator=IR_LED2 New Designator=IR_LED5
Change Component Designator: Old Designator=IR_LED2 New Designator=IR_LED8
Change Component Designator: Old Designator=IR_LED3 New Designator=IR_LED6
Change Component Designator: Old Designator=IR_LED3 New Designator=IR_LED7
Change Component Designator: Old Designator=IR_LED3 New Designator=IR_LED9
Change Component Designator: Old Designator=IR_LED4 New Designator=IR_LED10
Change Component Designator: Old Designator=IR_LED5 New Designator=IR_LED3
Change Component Designator: Old Designator=IR_LED5 New Designator=IR_LED14
Change Component Designator: Old Designator=IR_LED6 New Designator=IR_LED12
Change Component Designator: Old Designator=IR_LED6 New Designator=IR_LED13
Change Component Designator: Old Designator=IR_LED7 New Designator=IR_LED11
Change Component Designator: Old Designator=J2 New Designator=J4
Change Component Designator: Old Designator=J2 New Designator=J8
Change Component Designator: Old Designator=J3 New Designator=J6
Change Component Designator: Old Designator=J3 New Designator=J7
Change Component Designator: Old Designator=J3 New Designator=J9
Change Component Designator: Old Designator=J4 New Designator=J5
Change Component Designator: Old Designator=J4 New Designator=J10
Change Component Designator: Old Designator=J5 New Designator=J11
Change Component Designator: Old Designator=J? New Designator=J3
Change Component Designator: Old Designator=R_LED2 New Designator=R_LED4
Change Component Designator: Old Designator=R_LED2 New Designator=R_LED8
Change Component Designator: Old Designator=R_LED3 New Designator=R_LED6
Change Component Designator: Old Designator=R_LED3 New Designator=R_LED7
Change Component Designator: Old Designator=R_LED3 New Designator=R_LED9
Change Component Designator: Old Designator=R_LED4 New Designator=R_LED3
Change Component Designator: Old Designator=R_LED4 New Designator=R_LED10
Change Component Designator: Old Designator=R_LED5 New Designator=R_LED11
Change Component Designator: Old Designator=R_LED6 New Designator=R_LED13
Change Component Designator: Old Designator=R_LED6 New Designator=R_LED14
Change Component Designator: Old Designator=R_LED7 New Designator=R_LED12
Change Component Designator: Old Designator=Y_LED2 New Designator=Y_LED3
Change Component Designator: Old Designator=Y_LED2 New Designator=Y_LED6
Change Component Designator: Old Designator=Y_LED3 New Designator=Y_LED4
Change Component Designator: Old Designator=Y_LED3 New Designator=Y_LED5
Change Component Designator: Old Designator=Y_LED3 New Designator=Y_LED9
Change Component Designator: Old Designator=Y_LED4 New Designator=Y_LED8
Change Component Designator: Old Designator=Y_LED4 New Designator=Y_LED10
Change Component Designator: Old Designator=Y_LED5 New Designator=Y_LED7
Change Component Designator: Old Designator=Y_LED5 New Designator=Y_LED14
Change Component Designator: Old Designator=Y_LED6 New Designator=Y_LED12
Change Component Designator: Old Designator=Y_LED6 New Designator=Y_LED13
Change Component Designator: Old Designator=Y_LED7 New Designator=Y_LED11
