Change Component Designator: Old Designator=D1 New Designator=D5
Change Component Designator: Old Designator=D2 New Designator=D6
Change Component Designator: Old Designator=D3 New Designator=D1
Change Component Designator: Old Designator=D3 New Designator=D7
Change Component Designator: Old Designator=D4 New Designator=D3
Change Component Designator: Old Designator=D4 New Designator=D8
Change Component Designator: Old Designator=D5 New Designator=D9
Change Component Designator: Old Designator=D6 New Designator=D10
Change Component Designator: Old Designator=D7 New Designator=D11
Change Component Designator: Old Designator=D8 New Designator=D12
Change Component Designator: Old Designator=D9 New Designator=D13
Change Component Designator: Old Designator=D10 New Designator=D14
Change Component Designator: Old Designator=D11 New Designator=D15
Change Component Designator: Old Designator=D? New Designator=D2
Change Component Designator: Old Designator=G_LED1 New Designator=G_LED2
Change Component Designator: Old Designator=G_LED2 New Designator=G_LED1
Change Component Designator: Old Designator=G_LED2 New Designator=G_LED3
Change Component Designator: Old Designator=G_LED3 New Designator=G_LED4
Change Component Designator: Old Designator=G_LED4 New Designator=G_LED5
Change Component Designator: Old Designator=H_R1 New Designator=H_R5
Change Component Designator: Old Designator=H_R2 New Designator=H_R1
Change Component Designator: Old Designator=H_R2 New Designator=H_R6
Change Component Designator: Old Designator=H_R3 New Designator=H_R2
Change Component Designator: Old Designator=H_R3 New Designator=H_R7
Change Component Designator: Old Designator=H_R4 New Designator=H_R3
Change Component Designator: Old Designator=H_R4 New Designator=H_R8
Change Component Designator: Old Designator=H_R5 New Designator=H_R4
Change Component Designator: Old Designator=H_R5 New Designator=H_R9
Change Component Designator: Old Designator=H_R6 New Designator=H_R10
Change Component Designator: Old Designator=H_R7 New Designator=H_R11
Change Component Designator: Old Designator=H_R8 New Designator=H_R12
Change Component Designator: Old Designator=IR_LED1 New Designator=IR_LED2
Change Component Designator: Old Designator=IR_LED2 New Designator=IR_LED1
Change Component Designator: Old Designator=IR_LED2 New Designator=IR_LED3
Change Component Designator: Old Designator=IR_LED3 New Designator=IR_LED4
Change Component Designator: Old Designator=IR_LED4 New Designator=IR_LED5
Change Component Designator: Old Designator=P1 New Designator=P2
Change Component Designator: Old Designator=P2 New Designator=P4
Change Component Designator: Old Designator=P3 New Designator=P5
Change Component Designator: Old Designator=P4 New Designator=P1
Change Component Designator: Old Designator=P4 New Designator=P6
Change Component Designator: Old Designator=P5 New Designator=P3
Change Component Designator: Old Designator=P5 New Designator=P7
Change Component Designator: Old Designator=P6 New Designator=P8
Change Component Designator: Old Designator=P_R1 New Designator=P_R5
Change Component Designator: Old Designator=P_R2 New Designator=P_R1
Change Component Designator: Old Designator=P_R2 New Designator=P_R6
Change Component Designator: Old Designator=P_R3 New Designator=P_R2
Change Component Designator: Old Designator=P_R3 New Designator=P_R7
Change Component Designator: Old Designator=P_R4 New Designator=P_R3
Change Component Designator: Old Designator=P_R4 New Designator=P_R8
Change Component Designator: Old Designator=P_R5 New Designator=P_R4
Change Component Designator: Old Designator=P_R5 New Designator=P_R9
Change Component Designator: Old Designator=P_R6 New Designator=P_R10
Change Component Designator: Old Designator=P_R7 New Designator=P_R11
Change Component Designator: Old Designator=P_R8 New Designator=P_R12
Change Component Designator: Old Designator=R_LED1 New Designator=R_LED2
Change Component Designator: Old Designator=R_LED2 New Designator=R_LED1
Change Component Designator: Old Designator=R_LED2 New Designator=R_LED3
Change Component Designator: Old Designator=R_LED3 New Designator=R_LED4
Change Component Designator: Old Designator=R_LED4 New Designator=R_LED5
Change Component Designator: Old Designator=Y_LED1 New Designator=Y_LED2
Change Component Designator: Old Designator=Y_LED2 New Designator=Y_LED1
Change Component Designator: Old Designator=Y_LED2 New Designator=Y_LED3
Change Component Designator: Old Designator=Y_LED3 New Designator=Y_LED4
Change Component Designator: Old Designator=Y_LED4 New Designator=Y_LED5
