Added Component: Designator=IR_LED4(LED_PPG_DISTANCE_2)
Add component. Clean all parameters for all variants
Add component (AddParameter): Name = "Value"; Value = "LED 3 - 5 ly 2 Colour"; VariantName = "[No Variations]"
Added Component: Designator=IR_LED5(LED_PPG_DISTANCE_2)
Add component. Clean all parameters for all variants
Add component (AddParameter): Name = "Value"; Value = "LED 3 - 5 ly 2 Colour"; VariantName = "[No Variations]"
Added Component: Designator=R_LED4(LED_PPG_DISTANCE_2)
Add component. Clean all parameters for all variants
Add component (AddParameter): Name = "Value"; Value = "LED 3 - 5 ly 2 Colour"; VariantName = "[No Variations]"
Added Component: Designator=R_LED5(LED_PPG_DISTANCE_2)
Add component. Clean all parameters for all variants
Add component (AddParameter): Name = "Value"; Value = "LED 3 - 5 ly 2 Colour"; VariantName = "[No Variations]"
Added Pin To Net: NetName=NetH_R20_1 Pin=IR_LED4-1
Added Pin To Net: NetName=B_TX_LED_0_P Pin=IR_LED4-2
Added Pin To Net: NetName=NetH_R20_1 Pin=IR_LED5-1
Added Pin To Net: NetName=B_TX_LED_0_P Pin=IR_LED5-2
Added Pin To Net: NetName=NetH_R21_2 Pin=R_LED4-1
Added Pin To Net: NetName=B_TX_LED_0_N Pin=R_LED4-2
Added Pin To Net: NetName=NetH_R21_2 Pin=R_LED5-1
Added Pin To Net: NetName=B_TX_LED_0_N Pin=R_LED5-2
Added Member To Class: ClassName=PPG_sensor Member=Component IR_LED4 LED
Added Member To Class: ClassName=PPG_sensor Member=Component IR_LED5 LED
Added Member To Class: ClassName=PPG_sensor Member=Component R_LED4 LED
Added Member To Class: ClassName=PPG_sensor Member=Component R_LED5 LED
