Change Component Designator: Old Designator=D5 New Designator=D4
Change Component Designator: Old Designator=D6 New Designator=D5
Change Component Designator: Old Designator=D7 New Designator=D6
Change Component Designator: Old Designator=D8 New Designator=D7
Change Component Designator: Old Designator=D9 New Designator=D8
Change Component Designator: Old Designator=D10 New Designator=D9
Change Component Designator: Old Designator=D11 New Designator=D10
Change Component Designator: Old Designator=D12 New Designator=D11
Change Component Designator: Old Designator=G_LED2 New Designator=G_LED1
Change Component Designator: Old Designator=G_LED4 New Designator=G_LED2
Change Component Designator: Old Designator=G_LED6 New Designator=G_LED3
Change Component Designator: Old Designator=G_LED7 New Designator=G_LED4
Change Component Designator: Old Designator=IR_LED4 New Designator=IR_LED2
Change Component Designator: Old Designator=IR_LED6 New Designator=IR_LED3
Change Component Designator: Old Designator=IR_LED7 New Designator=IR_LED4
Change Component Designator: Old Designator=P_R6 New Designator=P_R7
Change Component Designator: Old Designator=P_R? New Designator=P_R6
Change Component Designator: Old Designator=P_R? New Designator=P_R8
Change Component Designator: Old Designator=R_LED2 New Designator=R_LED1
Change Component Designator: Old Designator=R_LED4 New Designator=R_LED2
Change Component Designator: Old Designator=R_LED6 New Designator=R_LED3
Change Component Designator: Old Designator=R_LED7 New Designator=R_LED4
Change Component Designator: Old Designator=Y_LED2 New Designator=Y_LED1
Change Component Designator: Old Designator=Y_LED4 New Designator=Y_LED2
Change Component Designator: Old Designator=Y_LED6 New Designator=Y_LED3
Change Component Designator: Old Designator=Y_LED7 New Designator=Y_LED4
