Change Component Designator: Old Designator=D1 New Designator=D2
Change Component Designator: Old Designator=D2 New Designator=D1
Change Component Designator: Old Designator=D5 New Designator=D4
Change Component Designator: Old Designator=D6 New Designator=D5
Change Component Designator: Old Designator=D7 New Designator=D6
Change Component Designator: Old Designator=D8 New Designator=D7
Change Component Designator: Old Designator=D11 New Designator=D8
Change Component Designator: Old Designator=D12 New Designator=D9
Change Component Designator: Old Designator=D13 New Designator=D10
Change Component Designator: Old Designator=D14 New Designator=D11
Change Component Designator: Old Designator=G_LED1 New Designator=G_LED2
Change Component Designator: Old Designator=G_LED2 New Designator=G_LED1
Change Component Designator: Old Designator=G_LED7 New Designator=G_LED6
Change Component Designator: Old Designator=G_LED8 New Designator=G_LED7
Change Component Designator: Old Designator=G_LED10 New Designator=G_LED8
Change Component Designator: Old Designator=G_LED11 New Designator=G_LED9
Change Component Designator: Old Designator=G_LED12 New Designator=G_LED10
Change Component Designator: Old Designator=G_LED13 New Designator=G_LED11
Change Component Designator: Old Designator=G_LED14 New Designator=G_LED12
Change Component Designator: Old Designator=IR_LED3 New Designator=IR_LED4
Change Component Designator: Old Designator=IR_LED4 New Designator=IR_LED3
Change Component Designator: Old Designator=IR_LED10 New Designator=IR_LED8
Change Component Designator: Old Designator=IR_LED11 New Designator=IR_LED9
Change Component Designator: Old Designator=IR_LED12 New Designator=IR_LED10
Change Component Designator: Old Designator=IR_LED13 New Designator=IR_LED11
Change Component Designator: Old Designator=IR_LED14 New Designator=IR_LED12
Change Component Designator: Old Designator=J4 New Designator=J3
Change Component Designator: Old Designator=J6 New Designator=J4
Change Component Designator: Old Designator=J7 New Designator=J5
Change Component Designator: Old Designator=J10 New Designator=J6
Change Component Designator: Old Designator=J? New Designator=J1
Change Component Designator: Old Designator=P? New Designator=P1
Change Component Designator: Old Designator=P? New Designator=P2
Change Component Designator: Old Designator=P? New Designator=P3
Change Component Designator: Old Designator=P? New Designator=P4
Change Component Designator: Old Designator=R? New Designator=R1
Change Component Designator: Old Designator=R? New Designator=R2
Change Component Designator: Old Designator=R? New Designator=R3
Change Component Designator: Old Designator=R? New Designator=R4
Change Component Designator: Old Designator=R? New Designator=R5
Change Component Designator: Old Designator=R? New Designator=R6
Change Component Designator: Old Designator=R? New Designator=R7
Change Component Designator: Old Designator=R? New Designator=R8
Change Component Designator: Old Designator=R? New Designator=R9
Change Component Designator: Old Designator=R_LED1 New Designator=R_LED2
Change Component Designator: Old Designator=R_LED2 New Designator=R_LED1
Change Component Designator: Old Designator=R_LED3 New Designator=R_LED6
Change Component Designator: Old Designator=R_LED4 New Designator=R_LED3
Change Component Designator: Old Designator=R_LED5 New Designator=R_LED7
Change Component Designator: Old Designator=R_LED6 New Designator=R_LED4
Change Component Designator: Old Designator=R_LED7 New Designator=R_LED5
Change Component Designator: Old Designator=R_LED10 New Designator=R_LED8
Change Component Designator: Old Designator=R_LED11 New Designator=R_LED9
Change Component Designator: Old Designator=R_LED12 New Designator=R_LED10
Change Component Designator: Old Designator=R_LED13 New Designator=R_LED11
Change Component Designator: Old Designator=R_LED14 New Designator=R_LED12
Change Component Designator: Old Designator=SW? New Designator=SW1
Change Component Designator: Old Designator=Y_LED1 New Designator=Y_LED2
Change Component Designator: Old Designator=Y_LED2 New Designator=Y_LED1
Change Component Designator: Old Designator=Y_LED7 New Designator=Y_LED6
Change Component Designator: Old Designator=Y_LED8 New Designator=Y_LED7
Change Component Designator: Old Designator=Y_LED10 New Designator=Y_LED8
Change Component Designator: Old Designator=Y_LED11 New Designator=Y_LED9
Change Component Designator: Old Designator=Y_LED12 New Designator=Y_LED10
Change Component Designator: Old Designator=Y_LED13 New Designator=Y_LED11
Change Component Designator: Old Designator=Y_LED14 New Designator=Y_LED12
