Change Component Designator: Old Designator=C_R? New Designator=C_R1
Change Component Designator: Old Designator=C_R? New Designator=C_R2
Change Component Designator: Old Designator=C_R? New Designator=C_R3
Change Component Designator: Old Designator=C_R? New Designator=C_R4
Change Component Designator: Old Designator=D4 New Designator=D1
Change Component Designator: Old Designator=D5 New Designator=D2
Change Component Designator: Old Designator=D6 New Designator=D3
Change Component Designator: Old Designator=D7 New Designator=D4
Change Component Designator: Old Designator=D12 New Designator=D5
Change Component Designator: Old Designator=D13 New Designator=D6
Change Component Designator: Old Designator=D16 New Designator=D7
Change Component Designator: Old Designator=D19 New Designator=D8
Change Component Designator: Old Designator=G_LED5 New Designator=G_LED4
Change Component Designator: Old Designator=G_LED6 New Designator=G_LED5
Change Component Designator: Old Designator=H_R1 New Designator=H_R4
Change Component Designator: Old Designator=H_R2 New Designator=H_R5
Change Component Designator: Old Designator=H_R3 New Designator=H_R6
Change Component Designator: Old Designator=H_R4 New Designator=H_R7
Change Component Designator: Old Designator=H_R5 New Designator=H_R9
Change Component Designator: Old Designator=H_R6 New Designator=H_R10
Change Component Designator: Old Designator=H_R7 New Designator=H_R11
Change Component Designator: Old Designator=H_R8 New Designator=H_R12
Change Component Designator: Old Designator=H_R9 New Designator=H_R16
Change Component Designator: Old Designator=H_R10 New Designator=H_R17
Change Component Designator: Old Designator=H_R11 New Designator=H_R18
Change Component Designator: Old Designator=H_R12 New Designator=H_R19
Change Component Designator: Old Designator=H_R13 New Designator=H_R20
Change Component Designator: Old Designator=H_R14 New Designator=H_R21
Change Component Designator: Old Designator=H_R15 New Designator=H_R25
Change Component Designator: Old Designator=H_R16 New Designator=H_R26
Change Component Designator: Old Designator=H_R? New Designator=H_R1
Change Component Designator: Old Designator=H_R? New Designator=H_R2
Change Component Designator: Old Designator=H_R? New Designator=H_R3
Change Component Designator: Old Designator=H_R? New Designator=H_R8
Change Component Designator: Old Designator=H_R? New Designator=H_R13
Change Component Designator: Old Designator=H_R? New Designator=H_R14
Change Component Designator: Old Designator=H_R? New Designator=H_R15
Change Component Designator: Old Designator=H_R? New Designator=H_R22
Change Component Designator: Old Designator=H_R? New Designator=H_R23
Change Component Designator: Old Designator=H_R? New Designator=H_R24
Change Component Designator: Old Designator=IR_LED5 New Designator=IR_LED4
Change Component Designator: Old Designator=IR_LED6 New Designator=IR_LED5
Change Component Designator: Old Designator=P1 New Designator=P2
Change Component Designator: Old Designator=P2 New Designator=P3
Change Component Designator: Old Designator=P3 New Designator=P5
Change Component Designator: Old Designator=P4 New Designator=P6
Change Component Designator: Old Designator=P5 New Designator=P9
Change Component Designator: Old Designator=P6 New Designator=P10
Change Component Designator: Old Designator=P7 New Designator=P11
Change Component Designator: Old Designator=P8 New Designator=P12
Change Component Designator: Old Designator=P9 New Designator=P15
Change Component Designator: Old Designator=P10 New Designator=P16
Change Component Designator: Old Designator=P? New Designator=P1
Change Component Designator: Old Designator=P? New Designator=P4
Change Component Designator: Old Designator=P? New Designator=P7
Change Component Designator: Old Designator=P? New Designator=P8
Change Component Designator: Old Designator=P? New Designator=P13
Change Component Designator: Old Designator=P? New Designator=P14
Change Component Designator: Old Designator=P? New Designator=P17
Change Component Designator: Old Designator=P? New Designator=P18
Change Component Designator: Old Designator=P_R1 New Designator=P_R4
Change Component Designator: Old Designator=P_R2 New Designator=P_R5
Change Component Designator: Old Designator=P_R3 New Designator=P_R6
Change Component Designator: Old Designator=P_R4 New Designator=P_R7
Change Component Designator: Old Designator=P_R5 New Designator=P_R9
Change Component Designator: Old Designator=P_R6 New Designator=P_R10
Change Component Designator: Old Designator=P_R7 New Designator=P_R11
Change Component Designator: Old Designator=P_R8 New Designator=P_R13
Change Component Designator: Old Designator=P_R9 New Designator=P_R15
Change Component Designator: Old Designator=P_R10 New Designator=P_R17
Change Component Designator: Old Designator=P_R11 New Designator=P_R18
Change Component Designator: Old Designator=P_R12 New Designator=P_R19
Change Component Designator: Old Designator=P_R13 New Designator=P_R20
Change Component Designator: Old Designator=P_R14 New Designator=P_R21
Change Component Designator: Old Designator=P_R15 New Designator=P_R23
Change Component Designator: Old Designator=P_R16 New Designator=P_R26
Change Component Designator: Old Designator=P_R? New Designator=P_R1
Change Component Designator: Old Designator=P_R? New Designator=P_R2
Change Component Designator: Old Designator=P_R? New Designator=P_R3
Change Component Designator: Old Designator=P_R? New Designator=P_R8
Change Component Designator: Old Designator=P_R? New Designator=P_R12
Change Component Designator: Old Designator=P_R? New Designator=P_R14
Change Component Designator: Old Designator=P_R? New Designator=P_R16
Change Component Designator: Old Designator=P_R? New Designator=P_R22
Change Component Designator: Old Designator=P_R? New Designator=P_R24
Change Component Designator: Old Designator=P_R? New Designator=P_R25
Change Component Designator: Old Designator=R_LED5 New Designator=R_LED4
Change Component Designator: Old Designator=R_LED6 New Designator=R_LED5
Change Component Designator: Old Designator=U New Designator=U1
Change Component Designator: Old Designator=U New Designator=U2
Change Component Designator: Old Designator=U New Designator=U3
Change Component Designator: Old Designator=U New Designator=U4
Change Component Designator: Old Designator=Y_LED5 New Designator=Y_LED4
Change Component Designator: Old Designator=Y_LED6 New Designator=Y_LED5
