Added Component: Designator=G_LED1(RESC0402X15N)
Add component. Clean all parameters for all variants
Add component (AddParameter): Name = "Value"; Value = "LED 3 - 5 ly 2 Colour"; VariantName = "[No Variations]"
Added Component: Designator=IR_LED1(RESC0402X15N)
Add component. Clean all parameters for all variants
Add component (AddParameter): Name = "Value"; Value = "LED 3 - 5 ly 2 Colour"; VariantName = "[No Variations]"
Added Component: Designator=R_LED1(RESC0402X15N)
Add component. Clean all parameters for all variants
Add component (AddParameter): Name = "Value"; Value = "LED 3 - 5 ly 2 Colour"; VariantName = "[No Variations]"
Added Component: Designator=Y_LED1(RESC0402X15N)
Add component. Clean all parameters for all variants
Add component (AddParameter): Name = "Value"; Value = "LED 3 - 5 ly 2 Colour"; VariantName = "[No Variations]"
Added Pin To Net: NetName=NetG_LED1_1 Pin=G_LED1-1
Added Pin To Net: NetName=C_TX_LED_1_P Pin=G_LED1-2
Added Pin To Net: NetName=NetH_R2_1 Pin=IR_LED1-1
Added Pin To Net: NetName=C_TX_LED_0_P Pin=IR_LED1-2
Added Pin To Net: NetName=NetH_R1_2 Pin=R_LED1-1
Added Pin To Net: NetName=C_TX_LED_0_N Pin=R_LED1-2
Added Pin To Net: NetName=NetH_R4_1 Pin=Y_LED1-1
Added Pin To Net: NetName=C_TX_LED_1_N Pin=Y_LED1-2
Added Member To Class: ClassName=PPG_sensor Member=Component D2 SFH_2704
Added Member To Class: ClassName=PPG_sensor Member=Component D4 SFH_2704
Added Member To Class: ClassName=PPG_sensor Member=Component D5 SFH_2704
Added Member To Class: ClassName=PPG_sensor Member=Component D6 SFH_2704
Added Member To Class: ClassName=PPG_sensor Member=Component D11 SFH_2704
Added Member To Class: ClassName=PPG_sensor Member=Component G_LED1 LED
Added Member To Class: ClassName=PPG_sensor Member=Component G_LED2 LED
Added Member To Class: ClassName=PPG_sensor Member=Component G_LED3 LED
Added Member To Class: ClassName=PPG_sensor Member=Component G_LED4 LED
Added Member To Class: ClassName=PPG_sensor Member=Component H_R1 Res1
Added Member To Class: ClassName=PPG_sensor Member=Component H_R2 Res1
Added Member To Class: ClassName=PPG_sensor Member=Component H_R3 Res1
Added Member To Class: ClassName=PPG_sensor Member=Component H_R4 Res1
Added Member To Class: ClassName=PPG_sensor Member=Component H_R5 Res1
Added Member To Class: ClassName=PPG_sensor Member=Component H_R6 Res1
Added Member To Class: ClassName=PPG_sensor Member=Component H_R7 Res1
Added Member To Class: ClassName=PPG_sensor Member=Component IR_LED1 LED
Added Member To Class: ClassName=PPG_sensor Member=Component IR_LED3 LED
Added Member To Class: ClassName=PPG_sensor Member=Component IR_LED4 LED
Added Member To Class: ClassName=PPG_sensor Member=Component P1 Header 5
Added Member To Class: ClassName=PPG_sensor Member=Component P3 Header 5
Added Member To Class: ClassName=PPG_sensor Member=Component P4 Header 5
Added Member To Class: ClassName=PPG_sensor Member=Component P_R1 Res1
Added Member To Class: ClassName=PPG_sensor Member=Component P_R2 Res1
Added Member To Class: ClassName=PPG_sensor Member=Component P_R3 Res1
Added Member To Class: ClassName=PPG_sensor Member=Component P_R4 Res1
Added Member To Class: ClassName=PPG_sensor Member=Component P_R5 Res1
Added Member To Class: ClassName=PPG_sensor Member=Component P_R7 Res1
Added Member To Class: ClassName=PPG_sensor Member=Component P_R8 Res1
Added Member To Class: ClassName=PPG_sensor Member=Component R_LED1 LED
Added Member To Class: ClassName=PPG_sensor Member=Component R_LED3 LED
Added Member To Class: ClassName=PPG_sensor Member=Component R_LED4 LED
Added Member To Class: ClassName=PPG_sensor Member=Component Y_LED1 LED
Added Member To Class: ClassName=PPG_sensor Member=Component Y_LED3 LED
Added Rule: Name=Schematic Differential Pairs Routing_4
Added Rule: Name=Schematic Differential Pairs Routing_5
Added Rule: Name=Schematic Differential Pairs Routing_10
Added Rule: Name=Schematic Differential Pairs Routing_11
Added Rule: Name=Schematic Differential Pairs Routing_12
Added Rule: Name=Schematic Differential Pairs Routing_13
