Change Component Designator: OldDesignator=D2 NewDesignator=D12
Change Component Designator: OldDesignator=D3 NewDesignator=D15
Change Component Designator: OldDesignator=D4 NewDesignator=D17
Change Component Designator: OldDesignator=D5 NewDesignator=D2
Change Component Designator: OldDesignator=D6 NewDesignator=D3
Change Component Designator: OldDesignator=D11 NewDesignator=D19
Change Component Designator: OldDesignator=G_LED1 NewDesignator=G_LED2
Change Component Designator: OldDesignator=G_LED2 NewDesignator=G_LED4
Change Component Designator: OldDesignator=G_LED3 NewDesignator=G_LED5
Change Component Designator: OldDesignator=G_LED4 NewDesignator=G_LED6
Change Component Designator: OldDesignator=H_R1 NewDesignator=H_R5
Change Component Designator: OldDesignator=H_R2 NewDesignator=H_R6
Change Component Designator: OldDesignator=H_R3 NewDesignator=H_R7
Change Component Designator: OldDesignator=H_R4 NewDesignator=H_R8
Change Component Designator: OldDesignator=H_R5 NewDesignator=H_R13
Change Component Designator: OldDesignator=H_R6 NewDesignator=H_R14
Change Component Designator: OldDesignator=H_R7 NewDesignator=H_R15
Change Component Designator: OldDesignator=H_R8 NewDesignator=H_R16
Change Component Designator: OldDesignator=IR_LED1 NewDesignator=IR_LED2
Change Component Designator: OldDesignator=IR_LED2 NewDesignator=IR_LED4
Change Component Designator: OldDesignator=IR_LED3 NewDesignator=IR_LED5
Change Component Designator: OldDesignator=IR_LED4 NewDesignator=IR_LED6
Change Component Designator: OldDesignator=P1 NewDesignator=P2
Change Component Designator: OldDesignator=P2 NewDesignator=P4
Change Component Designator: OldDesignator=P3 NewDesignator=P5
Change Component Designator: OldDesignator=P4 NewDesignator=P6
Change Component Designator: OldDesignator=P5 NewDesignator=P9
Change Component Designator: OldDesignator=P6 NewDesignator=P10
Change Component Designator: OldDesignator=P_R1 NewDesignator=P_R5
Change Component Designator: OldDesignator=P_R2 NewDesignator=P_R6
Change Component Designator: OldDesignator=P_R3 NewDesignator=P_R7
Change Component Designator: OldDesignator=P_R4 NewDesignator=P_R8
Change Component Designator: OldDesignator=P_R5 NewDesignator=P_R13
Change Component Designator: OldDesignator=P_R6 NewDesignator=P_R14
Change Component Designator: OldDesignator=P_R7 NewDesignator=P_R15
Change Component Designator: OldDesignator=P_R8 NewDesignator=P_R16
Change Component Designator: OldDesignator=R_LED1 NewDesignator=R_LED2
Change Component Designator: OldDesignator=R_LED2 NewDesignator=R_LED4
Change Component Designator: OldDesignator=R_LED3 NewDesignator=R_LED5
Change Component Designator: OldDesignator=R_LED4 NewDesignator=R_LED6
Change Component Designator: OldDesignator=Y_LED1 NewDesignator=Y_LED2
Change Component Designator: OldDesignator=Y_LED2 NewDesignator=Y_LED4
Change Component Designator: OldDesignator=Y_LED3 NewDesignator=Y_LED5
Change Component Designator: OldDesignator=Y_LED4 NewDesignator=Y_LED6
Added Component: Designator=D4(OSRAM_Opto_Semiconductors_SFH_2704_MFG)
Add component. Clean all parameters for all variants
Added Component: Designator=D5(OSRAM_Opto_Semiconductors_SFH_2704_MFG)
Add component. Clean all parameters for all variants
Added Component: Designator=D6(OSRAM_Opto_Semiconductors_SFH_2704_MFG)
Add component. Clean all parameters for all variants
Added Component: Designator=D11(OSRAM_Opto_Semiconductors_SFH_2704_MFG)
Add component. Clean all parameters for all variants
Added Component: Designator=D13(OSRAM_Opto_Semiconductors_SFH_2704_MFG)
Add component. Clean all parameters for all variants
Added Component: Designator=D14(OSRAM_Opto_Semiconductors_SFH_2704_MFG)
Add component. Clean all parameters for all variants
Added Component: Designator=D16(OSRAM_Opto_Semiconductors_SFH_2704_MFG)
Add component. Clean all parameters for all variants
Added Component: Designator=D18(OSRAM_Opto_Semiconductors_SFH_2704_MFG)
Add component. Clean all parameters for all variants
Added Component: Designator=G_LED1(RESC0402X15N)
Add component. Clean all parameters for all variants
Add component (AddParameter): Name = "Value"; Value = "LED 3 - 5 ly 2 Colour"; VariantName = "[No Variations]"
Added Component: Designator=G_LED3(RESC0402X15N)
Add component. Clean all parameters for all variants
Add component (AddParameter): Name = "Value"; Value = "LED 3 - 5 ly 2 Colour"; VariantName = "[No Variations]"
Added Component: Designator=H_R1(RES-SMD-0603)
Add component. Clean all parameters for all variants
Add component (AddParameter): Name = "LatestRevisionDate"; Value = "17-Jul-2002"; VariantName = "[No Variations]"
Add component (AddParameter): Name = "LatestRevisionNote"; Value = "Re-released for DXP Platform."; VariantName = "[No Variations]"
Add component (AddParameter): Name = "PackageDescription"; Value = "Axial Device, Thru-Hole; 2 Leads; 0.3 in Pin Spacing"; VariantName = "[No Variations]"
Add component (AddParameter): Name = "PackageReference"; Value = "AXIAL-0.3"; VariantName = "[No Variations]"
Add component (AddParameter): Name = "Published"; Value = "8-Jun-2000"; VariantName = "[No Variations]"
Add component (AddParameter): Name = "Publisher"; Value = "Altium Limited"; VariantName = "[No Variations]"
Add component (AddParameter): Name = "Value"; Value = "0"; VariantName = "[No Variations]"
Added Component: Designator=H_R2(RES-SMD-0603)
Add component. Clean all parameters for all variants
Add component (AddParameter): Name = "LatestRevisionDate"; Value = "17-Jul-2002"; VariantName = "[No Variations]"
Add component (AddParameter): Name = "LatestRevisionNote"; Value = "Re-released for DXP Platform."; VariantName = "[No Variations]"
Add component (AddParameter): Name = "PackageDescription"; Value = "Axial Device, Thru-Hole; 2 Leads; 0.3 in Pin Spacing"; VariantName = "[No Variations]"
Add component (AddParameter): Name = "PackageReference"; Value = "AXIAL-0.3"; VariantName = "[No Variations]"
Add component (AddParameter): Name = "Published"; Value = "8-Jun-2000"; VariantName = "[No Variations]"
Add component (AddParameter): Name = "Publisher"; Value = "Altium Limited"; VariantName = "[No Variations]"
Add component (AddParameter): Name = "Value"; Value = "0"; VariantName = "[No Variations]"
Added Component: Designator=H_R3(RES-SMD-0603)
Add component. Clean all parameters for all variants
Add component (AddParameter): Name = "LatestRevisionDate"; Value = "17-Jul-2002"; VariantName = "[No Variations]"
Add component (AddParameter): Name = "LatestRevisionNote"; Value = "Re-released for DXP Platform."; VariantName = "[No Variations]"
Add component (AddParameter): Name = "PackageDescription"; Value = "Axial Device, Thru-Hole; 2 Leads; 0.3 in Pin Spacing"; VariantName = "[No Variations]"
Add component (AddParameter): Name = "PackageReference"; Value = "AXIAL-0.3"; VariantName = "[No Variations]"
Add component (AddParameter): Name = "Published"; Value = "8-Jun-2000"; VariantName = "[No Variations]"
Add component (AddParameter): Name = "Publisher"; Value = "Altium Limited"; VariantName = "[No Variations]"
Add component (AddParameter): Name = "Value"; Value = "0"; VariantName = "[No Variations]"
Added Component: Designator=H_R4(RES-SMD-0603)
Add component. Clean all parameters for all variants
Add component (AddParameter): Name = "LatestRevisionDate"; Value = "17-Jul-2002"; VariantName = "[No Variations]"
Add component (AddParameter): Name = "LatestRevisionNote"; Value = "Re-released for DXP Platform."; VariantName = "[No Variations]"
Add component (AddParameter): Name = "PackageDescription"; Value = "Axial Device, Thru-Hole; 2 Leads; 0.3 in Pin Spacing"; VariantName = "[No Variations]"
Add component (AddParameter): Name = "PackageReference"; Value = "AXIAL-0.3"; VariantName = "[No Variations]"
Add component (AddParameter): Name = "Published"; Value = "8-Jun-2000"; VariantName = "[No Variations]"
Add component (AddParameter): Name = "Publisher"; Value = "Altium Limited"; VariantName = "[No Variations]"
Add component (AddParameter): Name = "Value"; Value = "0"; VariantName = "[No Variations]"
Added Component: Designator=H_R9(RES-SMD-0603)
Add component. Clean all parameters for all variants
Add component (AddParameter): Name = "LatestRevisionDate"; Value = "17-Jul-2002"; VariantName = "[No Variations]"
Add component (AddParameter): Name = "LatestRevisionNote"; Value = "Re-released for DXP Platform."; VariantName = "[No Variations]"
Add component (AddParameter): Name = "PackageDescription"; Value = "Axial Device, Thru-Hole; 2 Leads; 0.3 in Pin Spacing"; VariantName = "[No Variations]"
Add component (AddParameter): Name = "PackageReference"; Value = "AXIAL-0.3"; VariantName = "[No Variations]"
Add component (AddParameter): Name = "Published"; Value = "8-Jun-2000"; VariantName = "[No Variations]"
Add component (AddParameter): Name = "Publisher"; Value = "Altium Limited"; VariantName = "[No Variations]"
Add component (AddParameter): Name = "Value"; Value = "0"; VariantName = "[No Variations]"
Added Component: Designator=H_R10(RES-SMD-0603)
Add component. Clean all parameters for all variants
Add component (AddParameter): Name = "LatestRevisionDate"; Value = "17-Jul-2002"; VariantName = "[No Variations]"
Add component (AddParameter): Name = "LatestRevisionNote"; Value = "Re-released for DXP Platform."; VariantName = "[No Variations]"
Add component (AddParameter): Name = "PackageDescription"; Value = "Axial Device, Thru-Hole; 2 Leads; 0.3 in Pin Spacing"; VariantName = "[No Variations]"
Add component (AddParameter): Name = "PackageReference"; Value = "AXIAL-0.3"; VariantName = "[No Variations]"
Add component (AddParameter): Name = "Published"; Value = "8-Jun-2000"; VariantName = "[No Variations]"
Add component (AddParameter): Name = "Publisher"; Value = "Altium Limited"; VariantName = "[No Variations]"
Add component (AddParameter): Name = "Value"; Value = "0"; VariantName = "[No Variations]"
Added Component: Designator=H_R11(RES-SMD-0603)
Add component. Clean all parameters for all variants
Add component (AddParameter): Name = "LatestRevisionDate"; Value = "17-Jul-2002"; VariantName = "[No Variations]"
Add component (AddParameter): Name = "LatestRevisionNote"; Value = "Re-released for DXP Platform."; VariantName = "[No Variations]"
Add component (AddParameter): Name = "PackageDescription"; Value = "Axial Device, Thru-Hole; 2 Leads; 0.3 in Pin Spacing"; VariantName = "[No Variations]"
Add component (AddParameter): Name = "PackageReference"; Value = "AXIAL-0.3"; VariantName = "[No Variations]"
Add component (AddParameter): Name = "Published"; Value = "8-Jun-2000"; VariantName = "[No Variations]"
Add component (AddParameter): Name = "Publisher"; Value = "Altium Limited"; VariantName = "[No Variations]"
Add component (AddParameter): Name = "Value"; Value = "0"; VariantName = "[No Variations]"
Added Component: Designator=H_R12(RES-SMD-0603)
Add component. Clean all parameters for all variants
Add component (AddParameter): Name = "LatestRevisionDate"; Value = "17-Jul-2002"; VariantName = "[No Variations]"
Add component (AddParameter): Name = "LatestRevisionNote"; Value = "Re-released for DXP Platform."; VariantName = "[No Variations]"
Add component (AddParameter): Name = "PackageDescription"; Value = "Axial Device, Thru-Hole; 2 Leads; 0.3 in Pin Spacing"; VariantName = "[No Variations]"
Add component (AddParameter): Name = "PackageReference"; Value = "AXIAL-0.3"; VariantName = "[No Variations]"
Add component (AddParameter): Name = "Published"; Value = "8-Jun-2000"; VariantName = "[No Variations]"
Add component (AddParameter): Name = "Publisher"; Value = "Altium Limited"; VariantName = "[No Variations]"
Add component (AddParameter): Name = "Value"; Value = "0"; VariantName = "[No Variations]"
Added Component: Designator=IR_LED1(RESC0402X15N)
Add component. Clean all parameters for all variants
Add component (AddParameter): Name = "Value"; Value = "LED 3 - 5 ly 2 Colour"; VariantName = "[No Variations]"
Added Component: Designator=IR_LED3(RESC0402X15N)
Add component. Clean all parameters for all variants
Add component (AddParameter): Name = "Value"; Value = "LED 3 - 5 ly 2 Colour"; VariantName = "[No Variations]"
Added Component: Designator=P1(HDR 5 POS 1 ROW)
Add component. Clean all parameters for all variants
Add component (AddParameter): Name = "LatestRevisionDate"; Value = "17-Jul-2002"; VariantName = "[No Variations]"
Add component (AddParameter): Name = "LatestRevisionNote"; Value = "Re-released for DXP Platform."; VariantName = "[No Variations]"
Add component (AddParameter): Name = "Publisher"; Value = "Altium Limited"; VariantName = "[No Variations]"
Added Component: Designator=P3(HDR 5 POS 1 ROW)
Add component. Clean all parameters for all variants
Add component (AddParameter): Name = "LatestRevisionDate"; Value = "17-Jul-2002"; VariantName = "[No Variations]"
Add component (AddParameter): Name = "LatestRevisionNote"; Value = "Re-released for DXP Platform."; VariantName = "[No Variations]"
Add component (AddParameter): Name = "Publisher"; Value = "Altium Limited"; VariantName = "[No Variations]"
Added Component: Designator=P7(HDR 5 POS 1 ROW)
Add component. Clean all parameters for all variants
Add component (AddParameter): Name = "LatestRevisionDate"; Value = "17-Jul-2002"; VariantName = "[No Variations]"
Add component (AddParameter): Name = "LatestRevisionNote"; Value = "Re-released for DXP Platform."; VariantName = "[No Variations]"
Add component (AddParameter): Name = "Publisher"; Value = "Altium Limited"; VariantName = "[No Variations]"
Added Component: Designator=P8(HDR 5 POS 1 ROW)
Add component. Clean all parameters for all variants
Add component (AddParameter): Name = "LatestRevisionDate"; Value = "17-Jul-2002"; VariantName = "[No Variations]"
Add component (AddParameter): Name = "LatestRevisionNote"; Value = "Re-released for DXP Platform."; VariantName = "[No Variations]"
Add component (AddParameter): Name = "Publisher"; Value = "Altium Limited"; VariantName = "[No Variations]"
Added Component: Designator=P_R1(RES-SMD-0603)
Add component. Clean all parameters for all variants
Add component (AddParameter): Name = "LatestRevisionDate"; Value = "17-Jul-2002"; VariantName = "[No Variations]"
Add component (AddParameter): Name = "LatestRevisionNote"; Value = "Re-released for DXP Platform."; VariantName = "[No Variations]"
Add component (AddParameter): Name = "PackageDescription"; Value = "Axial Device, Thru-Hole; 2 Leads; 0.3 in Pin Spacing"; VariantName = "[No Variations]"
Add component (AddParameter): Name = "PackageReference"; Value = "AXIAL-0.3"; VariantName = "[No Variations]"
Add component (AddParameter): Name = "Published"; Value = "8-Jun-2000"; VariantName = "[No Variations]"
Add component (AddParameter): Name = "Publisher"; Value = "Altium Limited"; VariantName = "[No Variations]"
Add component (AddParameter): Name = "Value"; Value = "0"; VariantName = "[No Variations]"
Added Component: Designator=P_R2(RES-SMD-0603)
Add component. Clean all parameters for all variants
Add component (AddParameter): Name = "LatestRevisionDate"; Value = "17-Jul-2002"; VariantName = "[No Variations]"
Add component (AddParameter): Name = "LatestRevisionNote"; Value = "Re-released for DXP Platform."; VariantName = "[No Variations]"
Add component (AddParameter): Name = "PackageDescription"; Value = "Axial Device, Thru-Hole; 2 Leads; 0.3 in Pin Spacing"; VariantName = "[No Variations]"
Add component (AddParameter): Name = "PackageReference"; Value = "AXIAL-0.3"; VariantName = "[No Variations]"
Add component (AddParameter): Name = "Published"; Value = "8-Jun-2000"; VariantName = "[No Variations]"
Add component (AddParameter): Name = "Publisher"; Value = "Altium Limited"; VariantName = "[No Variations]"
Add component (AddParameter): Name = "Value"; Value = "0"; VariantName = "[No Variations]"
Added Component: Designator=P_R3(RES-SMD-0603)
Add component. Clean all parameters for all variants
Add component (AddParameter): Name = "LatestRevisionDate"; Value = "17-Jul-2002"; VariantName = "[No Variations]"
Add component (AddParameter): Name = "LatestRevisionNote"; Value = "Re-released for DXP Platform."; VariantName = "[No Variations]"
Add component (AddParameter): Name = "PackageDescription"; Value = "Axial Device, Thru-Hole; 2 Leads; 0.3 in Pin Spacing"; VariantName = "[No Variations]"
Add component (AddParameter): Name = "PackageReference"; Value = "AXIAL-0.3"; VariantName = "[No Variations]"
Add component (AddParameter): Name = "Published"; Value = "8-Jun-2000"; VariantName = "[No Variations]"
Add component (AddParameter): Name = "Publisher"; Value = "Altium Limited"; VariantName = "[No Variations]"
Add component (AddParameter): Name = "Value"; Value = "0"; VariantName = "[No Variations]"
Added Component: Designator=P_R4(RES-SMD-0603)
Add component. Clean all parameters for all variants
Add component (AddParameter): Name = "LatestRevisionDate"; Value = "17-Jul-2002"; VariantName = "[No Variations]"
Add component (AddParameter): Name = "LatestRevisionNote"; Value = "Re-released for DXP Platform."; VariantName = "[No Variations]"
Add component (AddParameter): Name = "PackageDescription"; Value = "Axial Device, Thru-Hole; 2 Leads; 0.3 in Pin Spacing"; VariantName = "[No Variations]"
Add component (AddParameter): Name = "PackageReference"; Value = "AXIAL-0.3"; VariantName = "[No Variations]"
Add component (AddParameter): Name = "Published"; Value = "8-Jun-2000"; VariantName = "[No Variations]"
Add component (AddParameter): Name = "Publisher"; Value = "Altium Limited"; VariantName = "[No Variations]"
Add component (AddParameter): Name = "Value"; Value = "0"; VariantName = "[No Variations]"
Added Component: Designator=P_R9(RES-SMD-0603)
Add component. Clean all parameters for all variants
Add component (AddParameter): Name = "LatestRevisionDate"; Value = "17-Jul-2002"; VariantName = "[No Variations]"
Add component (AddParameter): Name = "LatestRevisionNote"; Value = "Re-released for DXP Platform."; VariantName = "[No Variations]"
Add component (AddParameter): Name = "PackageDescription"; Value = "Axial Device, Thru-Hole; 2 Leads; 0.3 in Pin Spacing"; VariantName = "[No Variations]"
Add component (AddParameter): Name = "PackageReference"; Value = "AXIAL-0.3"; VariantName = "[No Variations]"
Add component (AddParameter): Name = "Published"; Value = "8-Jun-2000"; VariantName = "[No Variations]"
Add component (AddParameter): Name = "Publisher"; Value = "Altium Limited"; VariantName = "[No Variations]"
Add component (AddParameter): Name = "Value"; Value = "0"; VariantName = "[No Variations]"
Added Component: Designator=P_R10(RES-SMD-0603)
Add component. Clean all parameters for all variants
Add component (AddParameter): Name = "LatestRevisionDate"; Value = "17-Jul-2002"; VariantName = "[No Variations]"
Add component (AddParameter): Name = "LatestRevisionNote"; Value = "Re-released for DXP Platform."; VariantName = "[No Variations]"
Add component (AddParameter): Name = "PackageDescription"; Value = "Axial Device, Thru-Hole; 2 Leads; 0.3 in Pin Spacing"; VariantName = "[No Variations]"
Add component (AddParameter): Name = "PackageReference"; Value = "AXIAL-0.3"; VariantName = "[No Variations]"
Add component (AddParameter): Name = "Published"; Value = "8-Jun-2000"; VariantName = "[No Variations]"
Add component (AddParameter): Name = "Publisher"; Value = "Altium Limited"; VariantName = "[No Variations]"
Add component (AddParameter): Name = "Value"; Value = "0"; VariantName = "[No Variations]"
Added Component: Designator=P_R11(RES-SMD-0603)
Add component. Clean all parameters for all variants
Add component (AddParameter): Name = "LatestRevisionDate"; Value = "17-Jul-2002"; VariantName = "[No Variations]"
Add component (AddParameter): Name = "LatestRevisionNote"; Value = "Re-released for DXP Platform."; VariantName = "[No Variations]"
Add component (AddParameter): Name = "PackageDescription"; Value = "Axial Device, Thru-Hole; 2 Leads; 0.3 in Pin Spacing"; VariantName = "[No Variations]"
Add component (AddParameter): Name = "PackageReference"; Value = "AXIAL-0.3"; VariantName = "[No Variations]"
Add component (AddParameter): Name = "Published"; Value = "8-Jun-2000"; VariantName = "[No Variations]"
Add component (AddParameter): Name = "Publisher"; Value = "Altium Limited"; VariantName = "[No Variations]"
Add component (AddParameter): Name = "Value"; Value = "0"; VariantName = "[No Variations]"
Added Component: Designator=P_R12(RES-SMD-0603)
Add component. Clean all parameters for all variants
Add component (AddParameter): Name = "LatestRevisionDate"; Value = "17-Jul-2002"; VariantName = "[No Variations]"
Add component (AddParameter): Name = "LatestRevisionNote"; Value = "Re-released for DXP Platform."; VariantName = "[No Variations]"
Add component (AddParameter): Name = "PackageDescription"; Value = "Axial Device, Thru-Hole; 2 Leads; 0.3 in Pin Spacing"; VariantName = "[No Variations]"
Add component (AddParameter): Name = "PackageReference"; Value = "AXIAL-0.3"; VariantName = "[No Variations]"
Add component (AddParameter): Name = "Published"; Value = "8-Jun-2000"; VariantName = "[No Variations]"
Add component (AddParameter): Name = "Publisher"; Value = "Altium Limited"; VariantName = "[No Variations]"
Add component (AddParameter): Name = "Value"; Value = "0"; VariantName = "[No Variations]"
Added Component: Designator=R_LED1(RESC0402X15N)
Add component. Clean all parameters for all variants
Add component (AddParameter): Name = "Value"; Value = "LED 3 - 5 ly 2 Colour"; VariantName = "[No Variations]"
Added Component: Designator=R_LED3(RESC0402X15N)
Add component. Clean all parameters for all variants
Add component (AddParameter): Name = "Value"; Value = "LED 3 - 5 ly 2 Colour"; VariantName = "[No Variations]"
Added Component: Designator=Y_LED1(RESC0402X15N)
Add component. Clean all parameters for all variants
Add component (AddParameter): Name = "Value"; Value = "LED 3 - 5 ly 2 Colour"; VariantName = "[No Variations]"
Added Component: Designator=Y_LED3(RESC0402X15N)
Add component. Clean all parameters for all variants
Add component (AddParameter): Name = "Value"; Value = "LED 3 - 5 ly 2 Colour"; VariantName = "[No Variations]"
Change Net Name : Old Net Name=NetD3_1 New Net Name=NetD15_1
Change Net Name : Old Net Name=NetD3_4 New Net Name=NetD15_4
Change Net Name : Old Net Name=NetD5_1 New Net Name=NetD2_1
Change Net Name : Old Net Name=NetD5_2 New Net Name=NetD2_2
Change Net Name : Old Net Name=NetG_LED1_1 New Net Name=NetG_LED2_1
Change Net Name : Old Net Name=NetG_LED3_1 New Net Name=NetG_LED5_1
Change Net Name : Old Net Name=NetH_R1_2 New Net Name=NetH_R5_2
Change Net Name : Old Net Name=NetH_R2_1 New Net Name=NetH_R6_1
Change Net Name : Old Net Name=NetH_R4_1 New Net Name=NetH_R8_1
Change Net Name : Old Net Name=NetH_R5_1 New Net Name=NetH_R13_1
Change Net Name : Old Net Name=NetH_R6_2 New Net Name=NetH_R14_2
Change Net Name : Old Net Name=NetH_R7_1 New Net Name=NetH_R15_1
Added Pin To Net: NetName=C_PD_DET_N Pin=D4-2
Added Pin To Net: NetName=C_PD_DET_N Pin=D5-2
Added Pin To Net: NetName=C_PD_DET_N Pin=D6-2
Added Pin To Net: NetName=C_PD_DET_N Pin=D11-2
Added Pin To Net: NetName=C_PD_DET_N Pin=P3-1
Added Net: Name=C_PD_DET_N
Added Pin To Net: NetName=C_PD_DET_P Pin=D4-1
Added Pin To Net: NetName=C_PD_DET_P Pin=D5-1
Added Pin To Net: NetName=C_PD_DET_P Pin=D6-1
Added Pin To Net: NetName=C_PD_DET_P Pin=D11-1
Added Pin To Net: NetName=C_PD_DET_P Pin=P3-2
Added Net: Name=C_PD_DET_P
Added Pin To Net: NetName=C_TX_LED_0_N Pin=H_R2-2
Added Pin To Net: NetName=C_TX_LED_0_N Pin=P1-5
Added Pin To Net: NetName=C_TX_LED_0_N Pin=R_LED1-2
Added Net: Name=C_TX_LED_0_N
Added Pin To Net: NetName=C_TX_LED_0_P Pin=H_R1-1
Added Pin To Net: NetName=C_TX_LED_0_P Pin=IR_LED1-2
Added Pin To Net: NetName=C_TX_LED_0_P Pin=P1-4
Added Net: Name=C_TX_LED_0_P
Added Pin To Net: NetName=C_TX_LED_1_N Pin=H_R3-1
Added Pin To Net: NetName=C_TX_LED_1_N Pin=P1-2
Added Pin To Net: NetName=C_TX_LED_1_N Pin=Y_LED1-2
Added Net: Name=C_TX_LED_1_N
Added Pin To Net: NetName=C_TX_LED_1_P Pin=G_LED1-2
Added Pin To Net: NetName=C_TX_LED_1_P Pin=H_R4-2
Added Pin To Net: NetName=C_TX_LED_1_P Pin=P1-1
Added Net: Name=C_TX_LED_1_P
Added Pin To Net: NetName=D_PD_DET_N Pin=D13-2
Added Pin To Net: NetName=D_PD_DET_N Pin=D14-2
Added Pin To Net: NetName=D_PD_DET_N Pin=D16-2
Added Pin To Net: NetName=D_PD_DET_N Pin=D18-2
Added Pin To Net: NetName=D_PD_DET_N Pin=P8-1
Added Net: Name=D_PD_DET_N
Added Pin To Net: NetName=D_PD_DET_P Pin=D13-1
Added Pin To Net: NetName=D_PD_DET_P Pin=D14-1
Added Pin To Net: NetName=D_PD_DET_P Pin=D16-1
Added Pin To Net: NetName=D_PD_DET_P Pin=D18-1
Added Pin To Net: NetName=D_PD_DET_P Pin=P8-2
Added Net: Name=D_PD_DET_P
Added Pin To Net: NetName=D_TX_LED_0_N Pin=H_R10-2
Added Pin To Net: NetName=D_TX_LED_0_N Pin=P7-5
Added Pin To Net: NetName=D_TX_LED_0_N Pin=R_LED3-2
Added Net: Name=D_TX_LED_0_N
Added Pin To Net: NetName=D_TX_LED_0_P Pin=H_R9-1
Added Pin To Net: NetName=D_TX_LED_0_P Pin=IR_LED3-2
Added Pin To Net: NetName=D_TX_LED_0_P Pin=P7-4
Added Net: Name=D_TX_LED_0_P
Added Pin To Net: NetName=D_TX_LED_1_N Pin=H_R11-1
Added Pin To Net: NetName=D_TX_LED_1_N Pin=P7-2
Added Pin To Net: NetName=D_TX_LED_1_N Pin=Y_LED3-2
Added Net: Name=D_TX_LED_1_N
Added Pin To Net: NetName=D_TX_LED_1_P Pin=G_LED3-2
Added Pin To Net: NetName=D_TX_LED_1_P Pin=H_R12-2
Added Pin To Net: NetName=D_TX_LED_1_P Pin=P7-1
Added Net: Name=D_TX_LED_1_P
Added Pin To Net: NetName=GND_C Pin=P3-4
Added Pin To Net: NetName=GND_C Pin=P3-5
Added Net: Name=GND_C
Added Pin To Net: NetName=GND_D Pin=P8-4
Added Pin To Net: NetName=GND_D Pin=P8-5
Added Net: Name=GND_D
Added Pin To Net: NetName=NetG_LED1_1 Pin=G_LED1-1
Added Pin To Net: NetName=NetG_LED1_1 Pin=H_R3-2
Added Pin To Net: NetName=NetG_LED1_1 Pin=P_R4-1
Added Net: Name=NetG_LED1_1
Added Pin To Net: NetName=NetG_LED3_1 Pin=G_LED3-1
Added Pin To Net: NetName=NetG_LED3_1 Pin=H_R11-2
Added Pin To Net: NetName=NetG_LED3_1 Pin=P_R12-1
Added Net: Name=NetG_LED3_1
Added Pin To Net: NetName=NetH_R1_2 Pin=H_R1-2
Added Pin To Net: NetName=NetH_R1_2 Pin=P_R2-1
Added Pin To Net: NetName=NetH_R1_2 Pin=R_LED1-1
Added Net: Name=NetH_R1_2
Added Pin To Net: NetName=NetH_R2_1 Pin=H_R2-1
Added Pin To Net: NetName=NetH_R2_1 Pin=IR_LED1-1
Added Pin To Net: NetName=NetH_R2_1 Pin=P_R1-1
Added Net: Name=NetH_R2_1
Added Pin To Net: NetName=NetH_R4_1 Pin=H_R4-1
Added Pin To Net: NetName=NetH_R4_1 Pin=P_R3-1
Added Pin To Net: NetName=NetH_R4_1 Pin=Y_LED1-1
Added Net: Name=NetH_R4_1
Added Pin To Net: NetName=NetH_R9_2 Pin=H_R9-2
Added Pin To Net: NetName=NetH_R9_2 Pin=P_R10-1
Added Pin To Net: NetName=NetH_R9_2 Pin=R_LED3-1
Added Net: Name=NetH_R9_2
Added Pin To Net: NetName=NetH_R10_1 Pin=H_R10-1
Added Pin To Net: NetName=NetH_R10_1 Pin=IR_LED3-1
Added Pin To Net: NetName=NetH_R10_1 Pin=P_R9-1
Added Net: Name=NetH_R10_1
Added Pin To Net: NetName=NetH_R12_1 Pin=H_R12-1
Added Pin To Net: NetName=NetH_R12_1 Pin=P_R11-1
Added Pin To Net: NetName=NetH_R12_1 Pin=Y_LED3-1
Added Net: Name=NetH_R12_1
Added Pin To Net: NetName=VDD_LED_C_0 Pin=P3-3
Added Pin To Net: NetName=VDD_LED_C_0 Pin=P_R1-2
Added Pin To Net: NetName=VDD_LED_C_0 Pin=P_R2-2
Added Net: Name=VDD_LED_C_0
Added Pin To Net: NetName=VDD_LED_C Pin=P1-3
Added Pin To Net: NetName=VDD_LED_C Pin=P_R3-2
Added Pin To Net: NetName=VDD_LED_C Pin=P_R4-2
Added Net: Name=VDD_LED_C
Added Pin To Net: NetName=VDD_LED_D_0 Pin=P8-3
Added Pin To Net: NetName=VDD_LED_D_0 Pin=P_R9-2
Added Pin To Net: NetName=VDD_LED_D_0 Pin=P_R10-2
Added Net: Name=VDD_LED_D_0
Added Pin To Net: NetName=VDD_LED_D Pin=P7-3
Added Pin To Net: NetName=VDD_LED_D Pin=P_R11-2
Added Pin To Net: NetName=VDD_LED_D Pin=P_R12-2
Added Net: Name=VDD_LED_D
Added Differential Pair: Name=C_PD_DET
Added Differential Pair: Name=C_TX_LED_0
Added Differential Pair: Name=C_TX_LED_1
Added Differential Pair: Name=D_PD_DET
Added Differential Pair: Name=D_TX_LED_0
Added Differential Pair: Name=D_TX_LED_1
Added Member To Class: ClassName=PPG_sensor Member=Component D12 SFH_2704
Added Member To Class: ClassName=PPG_sensor Member=Component D13 SFH_2704
Added Member To Class: ClassName=PPG_sensor Member=Component D14 SFH_2704
Added Member To Class: ClassName=PPG_sensor Member=Component D15 APS5130PD7C-P22
Added Member To Class: ClassName=PPG_sensor Member=Component D16 SFH_2704
Added Member To Class: ClassName=PPG_sensor Member=Component D17 SFH_2704
Added Member To Class: ClassName=PPG_sensor Member=Component D18 SFH_2704
Added Member To Class: ClassName=PPG_sensor Member=Component D19 SFH_2704
Added Member To Class: ClassName=PPG_sensor Member=Component G_LED5 LED
Added Member To Class: ClassName=PPG_sensor Member=Component G_LED6 LED
Added Member To Class: ClassName=PPG_sensor Member=Component H_R9 Res1
Added Member To Class: ClassName=PPG_sensor Member=Component H_R10 Res1
Added Member To Class: ClassName=PPG_sensor Member=Component H_R11 Res1
Added Member To Class: ClassName=PPG_sensor Member=Component H_R12 Res1
Added Member To Class: ClassName=PPG_sensor Member=Component H_R13 Res1
Added Member To Class: ClassName=PPG_sensor Member=Component H_R14 Res1
Added Member To Class: ClassName=PPG_sensor Member=Component H_R15 Res1
Added Member To Class: ClassName=PPG_sensor Member=Component H_R16 Res1
Added Member To Class: ClassName=PPG_sensor Member=Component IR_LED5 LED
Added Member To Class: ClassName=PPG_sensor Member=Component IR_LED6 LED
Added Member To Class: ClassName=PPG_sensor Member=Component P7 Header 5
Added Member To Class: ClassName=PPG_sensor Member=Component P8 Header 5
Added Member To Class: ClassName=PPG_sensor Member=Component P9 Header 5
Added Member To Class: ClassName=PPG_sensor Member=Component P10 Header 5
Added Member To Class: ClassName=PPG_sensor Member=Component P_R9 Res1
Added Member To Class: ClassName=PPG_sensor Member=Component P_R10 Res1
Added Member To Class: ClassName=PPG_sensor Member=Component P_R11 Res1
Added Member To Class: ClassName=PPG_sensor Member=Component P_R12 Res1
Added Member To Class: ClassName=PPG_sensor Member=Component P_R13 Res1
Added Member To Class: ClassName=PPG_sensor Member=Component P_R14 Res1
Added Member To Class: ClassName=PPG_sensor Member=Component P_R15 Res1
Added Member To Class: ClassName=PPG_sensor Member=Component P_R16 Res1
Added Member To Class: ClassName=PPG_sensor Member=Component R_LED5 LED
Added Member To Class: ClassName=PPG_sensor Member=Component R_LED6 LED
Added Member To Class: ClassName=PPG_sensor Member=Component Y_LED5 LED
Added Member To Class: ClassName=PPG_sensor Member=Component Y_LED6 LED
Added Rule: Name=Schematic Differential Pairs Routing_2
Added Rule: Name=Schematic Differential Pairs Routing_3
Added Rule: Name=Schematic Differential Pairs Routing_6
Added Rule: Name=Schematic Differential Pairs Routing_7
Added Rule: Name=Schematic Differential Pairs Routing_8
Added Rule: Name=Schematic Differential Pairs Routing_9
