Removed Pin From Net: NetName=C_PD_DET_P Pin=D4-1
Removed Pin From Net: NetName=C_PD_DET_N Pin=D4-2
Removed Pin From Net: NetName=C_PD_DET_P Pin=D5-1
Removed Pin From Net: NetName=C_PD_DET_N Pin=D5-2
Removed Pin From Net: NetName=C_PD_DET_P Pin=D6-1
Removed Pin From Net: NetName=C_PD_DET_N Pin=D6-2
Removed Pin From Net: NetName=C_PD_DET_P Pin=D11-1
Removed Pin From Net: NetName=C_PD_DET_N Pin=D11-2
Removed Member From Class: ClassName=PPG_sensor Member=D4
Removed Member From Class: ClassName=PPG_sensor Member=D5
Removed Member From Class: ClassName=PPG_sensor Member=D6
Removed Member From Class: ClassName=PPG_sensor Member=D11
Added Component: Designator=D?(PD_2704)
Add component. Clean all parameters for all variants
Add component (AddParameter): Name = "LatestRevisionDate"; Value = "17-Jul-2002"; VariantName = "[No Variations]"
Add component (AddParameter): Name = "LatestRevisionNote"; Value = "Re-released for DXP Platform."; VariantName = "[No Variations]"
Add component (AddParameter): Name = "PackageReference"; Value = "PIN2"; VariantName = "[No Variations]"
Add component (AddParameter): Name = "Published"; Value = "24-Mar-1999"; VariantName = "[No Variations]"
Add component (AddParameter): Name = "Publisher"; Value = "Altium Limited"; VariantName = "[No Variations]"
Added Component: Designator=D?(PD_2704)
Add component. Clean all parameters for all variants
Add component (AddParameter): Name = "LatestRevisionDate"; Value = "17-Jul-2002"; VariantName = "[No Variations]"
Add component (AddParameter): Name = "LatestRevisionNote"; Value = "Re-released for DXP Platform."; VariantName = "[No Variations]"
Add component (AddParameter): Name = "PackageReference"; Value = "PIN2"; VariantName = "[No Variations]"
Add component (AddParameter): Name = "Published"; Value = "24-Mar-1999"; VariantName = "[No Variations]"
Add component (AddParameter): Name = "Publisher"; Value = "Altium Limited"; VariantName = "[No Variations]"
Added Component: Designator=D?(PD_2704)
Add component. Clean all parameters for all variants
Add component (AddParameter): Name = "LatestRevisionDate"; Value = "17-Jul-2002"; VariantName = "[No Variations]"
Add component (AddParameter): Name = "LatestRevisionNote"; Value = "Re-released for DXP Platform."; VariantName = "[No Variations]"
Add component (AddParameter): Name = "PackageReference"; Value = "PIN2"; VariantName = "[No Variations]"
Add component (AddParameter): Name = "Published"; Value = "24-Mar-1999"; VariantName = "[No Variations]"
Add component (AddParameter): Name = "Publisher"; Value = "Altium Limited"; VariantName = "[No Variations]"
Added Component: Designator=D?(PD_2704)
Add component. Clean all parameters for all variants
Add component (AddParameter): Name = "LatestRevisionDate"; Value = "17-Jul-2002"; VariantName = "[No Variations]"
Add component (AddParameter): Name = "LatestRevisionNote"; Value = "Re-released for DXP Platform."; VariantName = "[No Variations]"
Add component (AddParameter): Name = "PackageReference"; Value = "PIN2"; VariantName = "[No Variations]"
Add component (AddParameter): Name = "Published"; Value = "24-Mar-1999"; VariantName = "[No Variations]"
Add component (AddParameter): Name = "Publisher"; Value = "Altium Limited"; VariantName = "[No Variations]"
Added Pin To Net: NetName=C_PD_DET_P Pin=D?-1
Added Pin To Net: NetName=C_PD_DET_P Pin=D?-1
Added Pin To Net: NetName=C_PD_DET_P Pin=D?-1
Added Pin To Net: NetName=C_PD_DET_P Pin=D?-1
Added Pin To Net: NetName=C_PD_DET_N Pin=D?-2
Added Pin To Net: NetName=C_PD_DET_N Pin=D?-2
Added Pin To Net: NetName=C_PD_DET_N Pin=D?-2
Added Pin To Net: NetName=C_PD_DET_N Pin=D?-2
Added Member To Class: ClassName=PPG_sensor Member=Component D? Photo Sen
Added Member To Class: ClassName=PPG_sensor Member=Component D? Photo Sen
Added Member To Class: ClassName=PPG_sensor Member=Component D? Photo Sen
