Change Component Designator: Old Designator=D? New Designator=D12
Change Component Designator: Old Designator=G_LED? New Designator=G_LED6
Change Component Designator: Old Designator=G_LED? New Designator=G_LED7
Change Component Designator: Old Designator=H_R2 New Designator=H_R1
Change Component Designator: Old Designator=H_R3 New Designator=H_R2
Change Component Designator: Old Designator=H_R6 New Designator=H_R3
Change Component Designator: Old Designator=H_R7 New Designator=H_R4
Change Component Designator: Old Designator=H_R? New Designator=H_R5
Change Component Designator: Old Designator=H_R? New Designator=H_R6
Change Component Designator: Old Designator=H_R? New Designator=H_R7
Change Component Designator: Old Designator=H_R? New Designator=H_R8
Change Component Designator: Old Designator=IR_LED3 New Designator=IR_LED6
Change Component Designator: Old Designator=IR_LED4 New Designator=IR_LED7
Change Component Designator: Old Designator=IR_LED5 New Designator=IR_LED3
Change Component Designator: Old Designator=IR_LED6 New Designator=IR_LED4
Change Component Designator: Old Designator=IR_LED7 New Designator=IR_LED5
Change Component Designator: Old Designator=P? New Designator=P5
Change Component Designator: Old Designator=P? New Designator=P6
Change Component Designator: Old Designator=P_R4 New Designator=P_R2
Change Component Designator: Old Designator=P_R5 New Designator=P_R3
Change Component Designator: Old Designator=P_R8 New Designator=P_R4
Change Component Designator: Old Designator=P_R? New Designator=P_R5
Change Component Designator: Old Designator=P_R? New Designator=P_R6
Change Component Designator: Old Designator=R_LED? New Designator=R_LED6
Change Component Designator: Old Designator=R_LED? New Designator=R_LED7
Change Component Designator: Old Designator=Y_LED? New Designator=Y_LED6
Change Component Designator: Old Designator=Y_LED? New Designator=Y_LED7
