Change Component Designator: Old Designator=D? New Designator=D1
Change Component Designator: Old Designator=D? New Designator=D2
Change Component Designator: Old Designator=D? New Designator=D3
Change Component Designator: Old Designator=D? New Designator=D4
Change Component Designator: Old Designator=D? New Designator=D5
Change Component Designator: Old Designator=D? New Designator=D6
Change Component Designator: Old Designator=G_LED2 New Designator=G_LED3
Change Component Designator: Old Designator=G_LED3 New Designator=G_LED1
Change Component Designator: Old Designator=G_LED3 New Designator=G_LED5
Change Component Designator: Old Designator=G_LED3 New Designator=G_LED6
Change Component Designator: Old Designator=G_LED4 New Designator=G_LED2
Change Component Designator: Old Designator=G_LED4 New Designator=G_LED9
Change Component Designator: Old Designator=G_LED5 New Designator=G_LED8
Change Component Designator: Old Designator=G_LED6 New Designator=G_LED7
Change Component Designator: Old Designator=IR_LED4 New Designator=IR_LED3
Change Component Designator: Old Designator=IR_LED5 New Designator=IR_LED1
Change Component Designator: Old Designator=IR_LED5 New Designator=IR_LED6
Change Component Designator: Old Designator=IR_LED6 New Designator=IR_LED2
Change Component Designator: Old Designator=IR_LED6 New Designator=IR_LED4
Change Component Designator: Old Designator=IR_LED6 New Designator=IR_LED9
Change Component Designator: Old Designator=IR_LED7 New Designator=IR_LED8
Change Component Designator: Old Designator=IR_LED8 New Designator=IR_LED7
Change Component Designator: Old Designator=J2 New Designator=J3
Change Component Designator: Old Designator=J3 New Designator=J5
Change Component Designator: Old Designator=J? New Designator=J4
Change Component Designator: Old Designator=J? New Designator=J6
Change Component Designator: Old Designator=R_LED2 New Designator=R_LED3
Change Component Designator: Old Designator=R_LED3 New Designator=R_LED1
Change Component Designator: Old Designator=R_LED3 New Designator=R_LED5
Change Component Designator: Old Designator=R_LED3 New Designator=R_LED6
Change Component Designator: Old Designator=R_LED4 New Designator=R_LED2
Change Component Designator: Old Designator=R_LED4 New Designator=R_LED9
Change Component Designator: Old Designator=R_LED5 New Designator=R_LED8
Change Component Designator: Old Designator=R_LED6 New Designator=R_LED7
Change Component Designator: Old Designator=Y_LED4 New Designator=Y_LED3
Change Component Designator: Old Designator=Y_LED5 New Designator=Y_LED1
Change Component Designator: Old Designator=Y_LED5 New Designator=Y_LED6
Change Component Designator: Old Designator=Y_LED6 New Designator=Y_LED2
Change Component Designator: Old Designator=Y_LED6 New Designator=Y_LED4
Change Component Designator: Old Designator=Y_LED6 New Designator=Y_LED9
Change Component Designator: Old Designator=Y_LED7 New Designator=Y_LED8
Change Component Designator: Old Designator=Y_LED8 New Designator=Y_LED7
